<?xml version="1.0" encoding="UTF-8"?>
<coverage generated="1687516302352" clover="3.2.0">
  <project timestamp="1687516302353" name="All files">
    <metrics statements="198" coveredstatements="198" conditionals="26" coveredconditionals="25" methods="42" coveredmethods="42" elements="266" coveredelements="265" complexity="0" loc="198" ncloc="198" packages="1" files="3" classes="3"/>
    <file name="core.ts" path="F:\sunset_calc\src\modules\core.ts">
      <metrics statements="158" coveredstatements="158" conditionals="12" coveredconditionals="11" methods="29" coveredmethods="29"/>
      <line num="1" count="2" type="stmt"/>
      <line num="9" count="2" type="stmt"/>
      <line num="10" count="272" type="cond" truecount="2" falsecount="0"/>
      <line num="11" count="271" type="stmt"/>
      <line num="13" count="1" type="stmt"/>
      <line num="22" count="2" type="stmt"/>
      <line num="23" count="262" type="stmt"/>
      <line num="24" count="262" type="stmt"/>
      <line num="32" count="2" type="stmt"/>
      <line num="33" count="46" type="stmt"/>
      <line num="34" count="46" type="stmt"/>
      <line num="36" count="46" type="stmt"/>
      <line num="44" count="2" type="stmt"/>
      <line num="45" count="51" type="stmt"/>
      <line num="47" count="51" type="stmt"/>
      <line num="55" count="2" type="stmt"/>
      <line num="56" count="23" type="stmt"/>
      <line num="58" count="23" type="stmt"/>
      <line num="66" count="2" type="stmt"/>
      <line num="67" count="27" type="stmt"/>
      <line num="68" count="27" type="stmt"/>
      <line num="70" count="27" type="stmt"/>
      <line num="71" count="27" type="stmt"/>
      <line num="72" count="27" type="stmt"/>
      <line num="73" count="27" type="stmt"/>
      <line num="74" count="27" type="stmt"/>
      <line num="77" count="27" type="stmt"/>
      <line num="85" count="2" type="stmt"/>
      <line num="86" count="24" type="stmt"/>
      <line num="94" count="2" type="stmt"/>
      <line num="95" count="2" type="stmt"/>
      <line num="104" count="2" type="stmt"/>
      <line num="105" count="1" type="stmt"/>
      <line num="106" count="1" type="stmt"/>
      <line num="108" count="1" type="stmt"/>
      <line num="109" count="1" type="stmt"/>
      <line num="111" count="1" type="stmt"/>
      <line num="119" count="2" type="stmt"/>
      <line num="120" count="23" type="stmt"/>
      <line num="121" count="23" type="stmt"/>
      <line num="123" count="23" type="stmt"/>
      <line num="125" count="23" type="stmt"/>
      <line num="135" count="2" type="stmt"/>
      <line num="136" count="46" type="stmt"/>
      <line num="138" count="46" type="stmt"/>
      <line num="139" count="46" type="stmt"/>
      <line num="140" count="46" type="stmt"/>
      <line num="141" count="46" type="stmt"/>
      <line num="143" count="46" type="stmt"/>
      <line num="151" count="2" type="stmt"/>
      <line num="152" count="45" type="stmt"/>
      <line num="153" count="45" type="stmt"/>
      <line num="155" count="45" type="stmt"/>
      <line num="157" count="45" type="stmt"/>
      <line num="165" count="2" type="stmt"/>
      <line num="166" count="1" type="stmt"/>
      <line num="167" count="1" type="stmt"/>
      <line num="169" count="1" type="stmt"/>
      <line num="170" count="1" type="stmt"/>
      <line num="171" count="1" type="stmt"/>
      <line num="173" count="1" type="stmt"/>
      <line num="181" count="2" type="stmt"/>
      <line num="182" count="21" type="stmt"/>
      <line num="183" count="21" type="stmt"/>
      <line num="185" count="21" type="stmt"/>
      <line num="186" count="21" type="stmt"/>
      <line num="188" count="21" type="stmt"/>
      <line num="196" count="2" type="stmt"/>
      <line num="197" count="22" type="stmt"/>
      <line num="199" count="22" type="stmt"/>
      <line num="200" count="22" type="stmt"/>
      <line num="202" count="22" type="stmt"/>
      <line num="210" count="2" type="stmt"/>
      <line num="211" count="21" type="stmt"/>
      <line num="212" count="21" type="stmt"/>
      <line num="213" count="21" type="stmt"/>
      <line num="214" count="21" type="stmt"/>
      <line num="216" count="21" type="stmt"/>
      <line num="217" count="21" type="stmt"/>
      <line num="218" count="21" type="stmt"/>
      <line num="219" count="21" type="stmt"/>
      <line num="220" count="21" type="stmt"/>
      <line num="222" count="21" type="stmt"/>
      <line num="231" count="2" type="stmt"/>
      <line num="232" count="7" type="stmt"/>
      <line num="234" count="7" type="stmt"/>
      <line num="235" count="7" type="stmt"/>
      <line num="236" count="7" type="stmt"/>
      <line num="237" count="7" type="stmt"/>
      <line num="239" count="7" type="stmt"/>
      <line num="249" count="2" type="stmt"/>
      <line num="250" count="5" type="stmt"/>
      <line num="252" count="5" type="stmt"/>
      <line num="263" count="2" type="stmt"/>
      <line num="264" count="2" type="stmt"/>
      <line num="265" count="2" type="stmt"/>
      <line num="267" count="2" type="stmt"/>
      <line num="279" count="2" type="stmt"/>
      <line num="280" count="2" type="stmt"/>
      <line num="281" count="2" type="stmt"/>
      <line num="283" count="2" type="stmt"/>
      <line num="292" count="2" type="stmt"/>
      <line num="293" count="2" type="stmt"/>
      <line num="295" count="2" type="stmt"/>
      <line num="306" count="2" type="stmt"/>
      <line num="307" count="15" type="stmt"/>
      <line num="309" count="15" type="stmt"/>
      <line num="310" count="15" type="stmt"/>
      <line num="321" count="2" type="stmt"/>
      <line num="322" count="14" type="stmt"/>
      <line num="324" count="14" type="cond" truecount="1" falsecount="1"/>
      <line num="338" count="2" type="stmt"/>
      <line num="339" count="11" type="stmt"/>
      <line num="340" count="11" type="stmt"/>
      <line num="342" count="11" type="stmt"/>
      <line num="343" count="11" type="stmt"/>
      <line num="344" count="11" type="stmt"/>
      <line num="345" count="11" type="stmt"/>
      <line num="346" count="11" type="stmt"/>
      <line num="348" count="11" type="stmt"/>
      <line num="360" count="2" type="stmt"/>
      <line num="361" count="8" type="stmt"/>
      <line num="363" count="8" type="stmt"/>
      <line num="375" count="2" type="stmt"/>
      <line num="376" count="6" type="stmt"/>
      <line num="378" count="6" type="stmt"/>
      <line num="379" count="6" type="cond" truecount="2" falsecount="0"/>
      <line num="380" count="1" type="stmt"/>
      <line num="381" count="5" type="cond" truecount="2" falsecount="0"/>
      <line num="382" count="1" type="stmt"/>
      <line num="383" count="1" type="stmt"/>
      <line num="384" count="1" type="stmt"/>
      <line num="386" count="1" type="stmt"/>
      <line num="388" count="4" type="cond" truecount="2" falsecount="0"/>
      <line num="389" count="2" type="stmt"/>
      <line num="390" count="2" type="stmt"/>
      <line num="391" count="2" type="stmt"/>
      <line num="392" count="2" type="stmt"/>
      <line num="394" count="2" type="stmt"/>
      <line num="396" count="2" type="stmt"/>
      <line num="398" count="2" type="stmt"/>
      <line num="413" count="2" type="stmt"/>
      <line num="414" count="1" type="stmt"/>
      <line num="415" count="1" type="stmt"/>
      <line num="417" count="1" type="stmt"/>
      <line num="429" count="2" type="stmt"/>
      <line num="430" count="2" type="stmt"/>
      <line num="431" count="2" type="stmt"/>
      <line num="432" count="2" type="stmt"/>
      <line num="434" count="2" type="stmt"/>
      <line num="435" count="2" type="stmt"/>
      <line num="436" count="2" type="stmt"/>
      <line num="437" count="2" type="stmt"/>
      <line num="438" count="2" type="stmt"/>
      <line num="439" count="2" type="stmt"/>
      <line num="441" count="2" type="cond" truecount="2" falsecount="0"/>
      <line num="442" count="1" type="stmt"/>
      <line num="444" count="1" type="stmt"/>
    </file>
    <file name="sun.ts" path="F:\sunset_calc\src\modules\sun.ts">
      <metrics statements="28" coveredstatements="28" conditionals="8" coveredconditionals="8" methods="9" coveredmethods="9"/>
      <line num="1" count="1" type="stmt"/>
      <line num="5" count="1" type="stmt"/>
      <line num="14" count="1" type="stmt"/>
      <line num="22" count="7" type="stmt"/>
      <line num="23" count="7" type="stmt"/>
      <line num="24" count="7" type="stmt"/>
      <line num="27" count="1" type="stmt"/>
      <line num="28" count="9" type="cond" truecount="1" falsecount="0"/>
      <line num="30" count="8" type="stmt"/>
      <line num="31" count="8" type="stmt"/>
      <line num="34" count="1" type="stmt"/>
      <line num="35" count="12" type="cond" truecount="3" falsecount="0"/>
      <line num="36" count="10" type="cond" truecount="3" falsecount="0"/>
      <line num="38" count="8" type="stmt"/>
      <line num="39" count="8" type="stmt"/>
      <line num="42" count="1" type="stmt"/>
      <line num="43" count="11" type="stmt"/>
      <line num="48" count="11" type="cond" truecount="1" falsecount="0"/>
      <line num="49" count="8" type="stmt"/>
      <line num="52" count="1" type="stmt"/>
      <line num="53" count="4" type="stmt"/>
      <line num="62" count="1" type="stmt"/>
      <line num="63" count="1" type="stmt"/>
      <line num="66" count="1" type="stmt"/>
      <line num="67" count="1" type="stmt"/>
      <line num="70" count="1" type="stmt"/>
      <line num="71" count="1" type="stmt"/>
      <line num="73" count="1" type="stmt"/>
    </file>
    <file name="utils.ts" path="F:\sunset_calc\src\modules\utils.ts">
      <metrics statements="12" coveredstatements="12" conditionals="6" coveredconditionals="6" methods="4" coveredmethods="4"/>
      <line num="7" count="3" type="stmt"/>
      <line num="8" count="475" type="stmt"/>
      <line num="16" count="3" type="stmt"/>
      <line num="17" count="68" type="stmt"/>
      <line num="26" count="3" type="stmt"/>
      <line num="31" count="21" type="stmt"/>
      <line num="40" count="3" type="stmt"/>
      <line num="41" count="7" type="stmt"/>
      <line num="43" count="7" type="stmt"/>
      <line num="44" count="7" type="stmt"/>
      <line num="45" count="7" type="stmt"/>
      <line num="47" count="7" type="cond" truecount="6" falsecount="0"/>
    </file>
  </project>
</coverage>
