{"F:\\sunset_calc\\src\\modules\\core.ts": {"path":"F:\\sunset_calc\\src\\modules\\core.ts","statementMap":{"0":{"start":{"line":1,"column":0},"end":{"line":1,"column":53}},"1":{"start":{"line":10,"column":4},"end":{"line":13,"column":41}},"2":{"start":{"line":11,"column":8},"end":{"line":11,"column":55}},"3":{"start":{"line":13,"column":9},"end":{"line":13,"column":41}},"4":{"start":{"line":9,"column":0},"end":{"line":9,"column":16}},"5":{"start":{"line":23,"column":22},"end":{"line":23,"column":46}},"6":{"start":{"line":24,"column":4},"end":{"line":24,"column":41}},"7":{"start":{"line":22,"column":0},"end":{"line":22,"column":16}},"8":{"start":{"line":33,"column":26},"end":{"line":33,"column":48}},"9":{"start":{"line":34,"column":15},"end":{"line":34,"column":84}},"10":{"start":{"line":36,"column":4},"end":{"line":36,"column":20}},"11":{"start":{"line":32,"column":0},"end":{"line":32,"column":16}},"12":{"start":{"line":45,"column":26},"end":{"line":45,"column":48}},"13":{"start":{"line":47,"column":4},"end":{"line":47,"column":81}},"14":{"start":{"line":44,"column":0},"end":{"line":44,"column":16}},"15":{"start":{"line":56,"column":26},"end":{"line":56,"column":48}},"16":{"start":{"line":58,"column":4},"end":{"line":58,"column":86}},"17":{"start":{"line":55,"column":0},"end":{"line":55,"column":16}},"18":{"start":{"line":67,"column":28},"end":{"line":67,"column":52}},"19":{"start":{"line":68,"column":26},"end":{"line":68,"column":48}},"20":{"start":{"line":70,"column":12},"end":{"line":70,"column":46}},"21":{"start":{"line":71,"column":13},"end":{"line":71,"column":77}},"22":{"start":{"line":72,"column":12},"end":{"line":72,"column":50}},"23":{"start":{"line":73,"column":13},"end":{"line":73,"column":48}},"24":{"start":{"line":74,"column":12},"end":{"line":74,"column":61}},"25":{"start":{"line":77,"column":4},"end":{"line":77,"column":29}},"26":{"start":{"line":66,"column":0},"end":{"line":66,"column":16}},"27":{"start":{"line":86,"column":4},"end":{"line":86,"column":58}},"28":{"start":{"line":85,"column":0},"end":{"line":85,"column":16}},"29":{"start":{"line":95,"column":4},"end":{"line":95,"column":58}},"30":{"start":{"line":94,"column":0},"end":{"line":94,"column":16}},"31":{"start":{"line":105,"column":29},"end":{"line":105,"column":54}},"32":{"start":{"line":106,"column":24},"end":{"line":106,"column":44}},"33":{"start":{"line":108,"column":12},"end":{"line":108,"column":67}},"34":{"start":{"line":109,"column":12},"end":{"line":109,"column":65}},"35":{"start":{"line":111,"column":4},"end":{"line":111,"column":17}},"36":{"start":{"line":104,"column":0},"end":{"line":104,"column":16}},"37":{"start":{"line":120,"column":24},"end":{"line":120,"column":44}},"38":{"start":{"line":121,"column":26},"end":{"line":121,"column":48}},"39":{"start":{"line":123,"column":12},"end":{"line":123,"column":64}},"40":{"start":{"line":125,"column":4},"end":{"line":125,"column":47}},"41":{"start":{"line":119,"column":0},"end":{"line":119,"column":16}},"42":{"start":{"line":136,"column":26},"end":{"line":136,"column":48}},"43":{"start":{"line":138,"column":12},"end":{"line":138,"column":46}},"44":{"start":{"line":139,"column":12},"end":{"line":139,"column":38}},"45":{"start":{"line":140,"column":12},"end":{"line":140,"column":38}},"46":{"start":{"line":141,"column":12},"end":{"line":141,"column":23}},"47":{"start":{"line":143,"column":4},"end":{"line":143,"column":23}},"48":{"start":{"line":135,"column":0},"end":{"line":135,"column":16}},"49":{"start":{"line":152,"column":26},"end":{"line":152,"column":48}},"50":{"start":{"line":153,"column":30},"end":{"line":153,"column":56}},"51":{"start":{"line":155,"column":12},"end":{"line":155,"column":64}},"52":{"start":{"line":157,"column":4},"end":{"line":157,"column":43}},"53":{"start":{"line":151,"column":0},"end":{"line":151,"column":16}},"54":{"start":{"line":166,"column":22},"end":{"line":166,"column":40}},"55":{"start":{"line":167,"column":23},"end":{"line":167,"column":42}},"56":{"start":{"line":169,"column":12},"end":{"line":169,"column":41}},"57":{"start":{"line":170,"column":12},"end":{"line":170,"column":40}},"58":{"start":{"line":171,"column":12},"end":{"line":171,"column":41}},"59":{"start":{"line":173,"column":4},"end":{"line":173,"column":41}},"60":{"start":{"line":165,"column":0},"end":{"line":165,"column":16}},"61":{"start":{"line":182,"column":23},"end":{"line":182,"column":42}},"62":{"start":{"line":183,"column":22},"end":{"line":183,"column":40}},"63":{"start":{"line":185,"column":12},"end":{"line":185,"column":40}},"64":{"start":{"line":186,"column":12},"end":{"line":186,"column":41}},"65":{"start":{"line":188,"column":4},"end":{"line":188,"column":37}},"66":{"start":{"line":181,"column":0},"end":{"line":181,"column":16}},"67":{"start":{"line":197,"column":22},"end":{"line":197,"column":40}},"68":{"start":{"line":199,"column":12},"end":{"line":199,"column":44}},"69":{"start":{"line":200,"column":12},"end":{"line":200,"column":44}},"70":{"start":{"line":202,"column":4},"end":{"line":202,"column":17}},"71":{"start":{"line":196,"column":0},"end":{"line":196,"column":16}},"72":{"start":{"line":211,"column":17},"end":{"line":211,"column":30}},"73":{"start":{"line":212,"column":29},"end":{"line":212,"column":54}},"74":{"start":{"line":213,"column":28},"end":{"line":213,"column":52}},"75":{"start":{"line":214,"column":28},"end":{"line":214,"column":52}},"76":{"start":{"line":216,"column":12},"end":{"line":216,"column":57}},"77":{"start":{"line":217,"column":12},"end":{"line":217,"column":69}},"78":{"start":{"line":218,"column":12},"end":{"line":218,"column":117}},"79":{"start":{"line":219,"column":12},"end":{"line":219,"column":70}},"80":{"start":{"line":220,"column":12},"end":{"line":220,"column":95}},"81":{"start":{"line":222,"column":4},"end":{"line":222,"column":42}},"82":{"start":{"line":210,"column":0},"end":{"line":210,"column":16}},"83":{"start":{"line":232,"column":22},"end":{"line":232,"column":40}},"84":{"start":{"line":234,"column":12},"end":{"line":234,"column":37}},"85":{"start":{"line":235,"column":12},"end":{"line":235,"column":70}},"86":{"start":{"line":236,"column":12},"end":{"line":236,"column":39}},"87":{"start":{"line":237,"column":12},"end":{"line":237,"column":40}},"88":{"start":{"line":239,"column":4},"end":{"line":239,"column":45}},"89":{"start":{"line":231,"column":0},"end":{"line":231,"column":16}},"90":{"start":{"line":250,"column":21},"end":{"line":250,"column":38}},"91":{"start":{"line":252,"column":4},"end":{"line":252,"column":62}},"92":{"start":{"line":249,"column":0},"end":{"line":249,"column":16}},"93":{"start":{"line":264,"column":22},"end":{"line":264,"column":56}},"94":{"start":{"line":265,"column":22},"end":{"line":265,"column":45}},"95":{"start":{"line":267,"column":4},"end":{"line":267,"column":null}},"96":{"start":{"line":263,"column":0},"end":{"line":263,"column":16}},"97":{"start":{"line":280,"column":22},"end":{"line":280,"column":56}},"98":{"start":{"line":281,"column":22},"end":{"line":281,"column":45}},"99":{"start":{"line":283,"column":4},"end":{"line":283,"column":null}},"100":{"start":{"line":279,"column":0},"end":{"line":279,"column":16}},"101":{"start":{"line":293,"column":22},"end":{"line":293,"column":45}},"102":{"start":{"line":295,"column":4},"end":{"line":295,"column":25}},"103":{"start":{"line":292,"column":0},"end":{"line":292,"column":16}},"104":{"start":{"line":307,"column":21},"end":{"line":307,"column":38}},"105":{"start":{"line":309,"column":12},"end":{"line":309,"column":61}},"106":{"start":{"line":310,"column":4},"end":{"line":310,"column":29}},"107":{"start":{"line":306,"column":0},"end":{"line":306,"column":16}},"108":{"start":{"line":322,"column":26},"end":{"line":322,"column":70}},"109":{"start":{"line":324,"column":4},"end":{"line":326,"column":34}},"110":{"start":{"line":321,"column":0},"end":{"line":321,"column":16}},"111":{"start":{"line":339,"column":22},"end":{"line":339,"column":40}},"112":{"start":{"line":340,"column":22},"end":{"line":340,"column":62}},"113":{"start":{"line":342,"column":12},"end":{"line":342,"column":34}},"114":{"start":{"line":343,"column":12},"end":{"line":343,"column":40}},"115":{"start":{"line":344,"column":12},"end":{"line":344,"column":34}},"116":{"start":{"line":345,"column":12},"end":{"line":345,"column":40}},"117":{"start":{"line":346,"column":12},"end":{"line":346,"column":40}},"118":{"start":{"line":348,"column":4},"end":{"line":348,"column":49}},"119":{"start":{"line":338,"column":0},"end":{"line":338,"column":16}},"120":{"start":{"line":361,"column":29},"end":{"line":361,"column":81}},"121":{"start":{"line":363,"column":4},"end":{"line":363,"column":33}},"122":{"start":{"line":360,"column":0},"end":{"line":360,"column":16}},"123":{"start":{"line":376,"column":32},"end":{"line":376,"column":87}},"124":{"start":{"line":378,"column":4},"end":{"line":401,"column":16}},"125":{"start":{"line":379,"column":8},"end":{"line":399,"column":null}},"126":{"start":{"line":380,"column":12},"end":{"line":380,"column":21}},"127":{"start":{"line":381,"column":13},"end":{"line":399,"column":null}},"128":{"start":{"line":382,"column":20},"end":{"line":382,"column":58}},"129":{"start":{"line":383,"column":20},"end":{"line":383,"column":71}},"130":{"start":{"line":384,"column":20},"end":{"line":384,"column":71}},"131":{"start":{"line":386,"column":12},"end":{"line":386,"column":54}},"132":{"start":{"line":388,"column":13},"end":{"line":399,"column":null}},"133":{"start":{"line":389,"column":20},"end":{"line":389,"column":56}},"134":{"start":{"line":390,"column":20},"end":{"line":390,"column":51}},"135":{"start":{"line":391,"column":20},"end":{"line":391,"column":52}},"136":{"start":{"line":392,"column":20},"end":{"line":392,"column":50}},"137":{"start":{"line":394,"column":12},"end":{"line":394,"column":21}},"138":{"start":{"line":396,"column":20},"end":{"line":396,"column":58}},"139":{"start":{"line":398,"column":12},"end":{"line":398,"column":31}},"140":{"start":{"line":375,"column":0},"end":{"line":375,"column":16}},"141":{"start":{"line":414,"column":32},"end":{"line":414,"column":87}},"142":{"start":{"line":415,"column":40},"end":{"line":415,"column":103}},"143":{"start":{"line":417,"column":4},"end":{"line":417,"column":61}},"144":{"start":{"line":413,"column":0},"end":{"line":413,"column":16}},"145":{"start":{"line":430,"column":29},"end":{"line":430,"column":81}},"146":{"start":{"line":431,"column":22},"end":{"line":431,"column":62}},"147":{"start":{"line":432,"column":22},"end":{"line":432,"column":40}},"148":{"start":{"line":434,"column":12},"end":{"line":434,"column":34}},"149":{"start":{"line":435,"column":12},"end":{"line":435,"column":47}},"150":{"start":{"line":436,"column":12},"end":{"line":436,"column":40}},"151":{"start":{"line":437,"column":12},"end":{"line":437,"column":34}},"152":{"start":{"line":438,"column":12},"end":{"line":438,"column":47}},"153":{"start":{"line":439,"column":12},"end":{"line":439,"column":44}},"154":{"start":{"line":441,"column":4},"end":{"line":445,"column":null}},"155":{"start":{"line":442,"column":8},"end":{"line":442,"column":47}},"156":{"start":{"line":444,"column":8},"end":{"line":444,"column":47}},"157":{"start":{"line":429,"column":0},"end":{"line":429,"column":16}}},"fnMap":{"0":{"name":"convertToJulianDay","decl":{"start":{"line":9,"column":16},"end":{"line":9,"column":34}},"loc":{"start":{"line":9,"column":45},"end":{"line":14,"column":1}}},"1":{"name":"getJulianCentury","decl":{"start":{"line":22,"column":16},"end":{"line":22,"column":32}},"loc":{"start":{"line":22,"column":43},"end":{"line":25,"column":1}}},"2":{"name":"getGeomMeanLongSun","decl":{"start":{"line":32,"column":16},"end":{"line":32,"column":34}},"loc":{"start":{"line":32,"column":45},"end":{"line":37,"column":1}}},"3":{"name":"getGeomMeanAnomSun","decl":{"start":{"line":44,"column":16},"end":{"line":44,"column":34}},"loc":{"start":{"line":44,"column":45},"end":{"line":48,"column":1}}},"4":{"name":"getEccentEarthOrbit","decl":{"start":{"line":55,"column":16},"end":{"line":55,"column":35}},"loc":{"start":{"line":55,"column":46},"end":{"line":59,"column":1}}},"5":{"name":"getSunEqOfCtr","decl":{"start":{"line":66,"column":16},"end":{"line":66,"column":29}},"loc":{"start":{"line":66,"column":40},"end":{"line":78,"column":1}}},"6":{"name":"getSunTrueLong","decl":{"start":{"line":85,"column":16},"end":{"line":85,"column":30}},"loc":{"start":{"line":85,"column":41},"end":{"line":87,"column":1}}},"7":{"name":"getSunTrueAnom","decl":{"start":{"line":94,"column":16},"end":{"line":94,"column":30}},"loc":{"start":{"line":94,"column":41},"end":{"line":96,"column":1}}},"8":{"name":"getSunRadVector","decl":{"start":{"line":104,"column":16},"end":{"line":104,"column":31}},"loc":{"start":{"line":104,"column":42},"end":{"line":112,"column":1}}},"9":{"name":"getSunAppLong","decl":{"start":{"line":119,"column":16},"end":{"line":119,"column":29}},"loc":{"start":{"line":119,"column":40},"end":{"line":126,"column":1}}},"10":{"name":"getMeanObliqEcliptic","decl":{"start":{"line":135,"column":16},"end":{"line":135,"column":36}},"loc":{"start":{"line":135,"column":47},"end":{"line":144,"column":1}}},"11":{"name":"getObliqCorr","decl":{"start":{"line":151,"column":16},"end":{"line":151,"column":28}},"loc":{"start":{"line":151,"column":39},"end":{"line":158,"column":1}}},"12":{"name":"getSunRtAscen","decl":{"start":{"line":165,"column":16},"end":{"line":165,"column":29}},"loc":{"start":{"line":165,"column":40},"end":{"line":174,"column":1}}},"13":{"name":"getSunDeclin","decl":{"start":{"line":181,"column":16},"end":{"line":181,"column":28}},"loc":{"start":{"line":181,"column":39},"end":{"line":189,"column":1}}},"14":{"name":"getVarY","decl":{"start":{"line":196,"column":16},"end":{"line":196,"column":23}},"loc":{"start":{"line":196,"column":34},"end":{"line":203,"column":1}}},"15":{"name":"getEqOfTime","decl":{"start":{"line":210,"column":16},"end":{"line":210,"column":27}},"loc":{"start":{"line":210,"column":38},"end":{"line":223,"column":1}}},"16":{"name":"getHASunrise","decl":{"start":{"line":231,"column":16},"end":{"line":231,"column":28}},"loc":{"start":{"line":231,"column":57},"end":{"line":240,"column":1}}},"17":{"name":"getSolarNoon","decl":{"start":{"line":249,"column":16},"end":{"line":249,"column":28}},"loc":{"start":{"line":249,"column":71},"end":{"line":253,"column":1}}},"18":{"name":"getSunriseTime","decl":{"start":{"line":263,"column":16},"end":{"line":263,"column":30}},"loc":{"start":{"line":263,"column":86},"end":{"line":268,"column":1}}},"19":{"name":"getSunsetTime","decl":{"start":{"line":279,"column":16},"end":{"line":279,"column":29}},"loc":{"start":{"line":279,"column":85},"end":{"line":284,"column":1}}},"20":{"name":"getSunlightDuration","decl":{"start":{"line":292,"column":16},"end":{"line":292,"column":35}},"loc":{"start":{"line":292,"column":59},"end":{"line":296,"column":1}}},"21":{"name":"getTrueSolarTime","decl":{"start":{"line":306,"column":16},"end":{"line":306,"column":32}},"loc":{"start":{"line":306,"column":89},"end":{"line":311,"column":1}}},"22":{"name":"getHourAngle","decl":{"start":{"line":321,"column":16},"end":{"line":321,"column":28}},"loc":{"start":{"line":321,"column":85},"end":{"line":327,"column":1}}},"23":{"name":"getSolarZenithAngle","decl":{"start":{"line":338,"column":16},"end":{"line":338,"column":35}},"loc":{"start":{"line":338,"column":105},"end":{"line":349,"column":1}}},"24":{"name":"getSolarElevationAngle","decl":{"start":{"line":360,"column":16},"end":{"line":360,"column":38}},"loc":{"start":{"line":360,"column":108},"end":{"line":364,"column":1}}},"25":{"name":"getApproxAtmosphericRefraction","decl":{"start":{"line":375,"column":16},"end":{"line":375,"column":46}},"loc":{"start":{"line":375,"column":116},"end":{"line":402,"column":1}}},"26":{"name":"(anonymous_26)","decl":{"start":{"line":378,"column":12},"end":{"line":378,"column":null}},"loc":{"start":{"line":378,"column":12},"end":{"line":401,"column":5}}},"27":{"name":"getSolarElevationCorrectedForAtmRefraction","decl":{"start":{"line":413,"column":16},"end":{"line":413,"column":58}},"loc":{"start":{"line":413,"column":128},"end":{"line":418,"column":1}}},"28":{"name":"getSolarAzimuthAngle","decl":{"start":{"line":429,"column":16},"end":{"line":429,"column":36}},"loc":{"start":{"line":429,"column":106},"end":{"line":446,"column":1}}}},"branchMap":{"0":{"loc":{"start":{"line":10,"column":4},"end":{"line":13,"column":41}},"type":"if","locations":[{"start":{"line":10,"column":4},"end":{"line":13,"column":41}},{"start":{"line":13,"column":9},"end":{"line":13,"column":41}}]},"1":{"loc":{"start":{"line":324,"column":11},"end":{"line":326,"column":33}},"type":"cond-expr","locations":[{"start":{"line":325,"column":10},"end":{"line":325,"column":33}},{"start":{"line":326,"column":10},"end":{"line":326,"column":33}}]},"2":{"loc":{"start":{"line":379,"column":8},"end":{"line":399,"column":null}},"type":"if","locations":[{"start":{"line":379,"column":8},"end":{"line":399,"column":null}},{"start":{"line":381,"column":13},"end":{"line":399,"column":null}}]},"3":{"loc":{"start":{"line":381,"column":13},"end":{"line":399,"column":null}},"type":"if","locations":[{"start":{"line":381,"column":13},"end":{"line":399,"column":null}},{"start":{"line":388,"column":13},"end":{"line":399,"column":null}}]},"4":{"loc":{"start":{"line":388,"column":13},"end":{"line":399,"column":null}},"type":"if","locations":[{"start":{"line":388,"column":13},"end":{"line":399,"column":null}},{"start":{"line":395,"column":15},"end":{"line":399,"column":null}}]},"5":{"loc":{"start":{"line":441,"column":4},"end":{"line":445,"column":null}},"type":"if","locations":[{"start":{"line":441,"column":4},"end":{"line":445,"column":null}},{"start":{"line":443,"column":11},"end":{"line":445,"column":null}}]}},"s":{"0":2,"1":272,"2":271,"3":1,"4":2,"5":262,"6":262,"7":2,"8":46,"9":46,"10":46,"11":2,"12":51,"13":51,"14":2,"15":23,"16":23,"17":2,"18":27,"19":27,"20":27,"21":27,"22":27,"23":27,"24":27,"25":27,"26":2,"27":24,"28":2,"29":2,"30":2,"31":1,"32":1,"33":1,"34":1,"35":1,"36":2,"37":23,"38":23,"39":23,"40":23,"41":2,"42":46,"43":46,"44":46,"45":46,"46":46,"47":46,"48":2,"49":45,"50":45,"51":45,"52":45,"53":2,"54":1,"55":1,"56":1,"57":1,"58":1,"59":1,"60":2,"61":21,"62":21,"63":21,"64":21,"65":21,"66":2,"67":22,"68":22,"69":22,"70":22,"71":2,"72":21,"73":21,"74":21,"75":21,"76":21,"77":21,"78":21,"79":21,"80":21,"81":21,"82":2,"83":7,"84":7,"85":7,"86":7,"87":7,"88":7,"89":2,"90":5,"91":5,"92":2,"93":2,"94":2,"95":2,"96":2,"97":2,"98":2,"99":2,"100":2,"101":2,"102":2,"103":2,"104":15,"105":15,"106":15,"107":2,"108":14,"109":14,"110":2,"111":11,"112":11,"113":11,"114":11,"115":11,"116":11,"117":11,"118":11,"119":2,"120":8,"121":8,"122":2,"123":6,"124":6,"125":6,"126":1,"127":5,"128":1,"129":1,"130":1,"131":1,"132":4,"133":2,"134":2,"135":2,"136":2,"137":2,"138":2,"139":2,"140":2,"141":1,"142":1,"143":1,"144":2,"145":2,"146":2,"147":2,"148":2,"149":2,"150":2,"151":2,"152":2,"153":2,"154":2,"155":1,"156":1,"157":2},"f":{"0":272,"1":262,"2":46,"3":51,"4":23,"5":27,"6":24,"7":2,"8":1,"9":23,"10":46,"11":45,"12":1,"13":21,"14":22,"15":21,"16":7,"17":5,"18":2,"19":2,"20":2,"21":15,"22":14,"23":11,"24":8,"25":6,"26":6,"27":1,"28":2},"b":{"0":[271,1],"1":[0,14],"2":[1,5],"3":[1,4],"4":[2,2],"5":[1,1]}}
,"F:\\sunset_calc\\src\\modules\\sun.ts": {"path":"F:\\sunset_calc\\src\\modules\\sun.ts","statementMap":{"0":{"start":{"line":1,"column":0},"end":{"line":1,"column":null}},"1":{"start":{"line":5,"column":0},"end":{"line":5,"column":37}},"2":{"start":{"line":14,"column":0},"end":{"line":14,"column":13}},"3":{"start":{"line":22,"column":8},"end":{"line":22,"column":33}},"4":{"start":{"line":23,"column":8},"end":{"line":23,"column":42}},"5":{"start":{"line":24,"column":8},"end":{"line":24,"column":47}},"6":{"start":{"line":27,"column":4},"end":{"line":32,"column":null}},"7":{"start":{"line":28,"column":8},"end":{"line":28,"column":71}},"8":{"start":{"line":28,"column":39},"end":{"line":28,"column":71}},"9":{"start":{"line":30,"column":8},"end":{"line":30,"column":26}},"10":{"start":{"line":31,"column":8},"end":{"line":31,"column":44}},"11":{"start":{"line":34,"column":4},"end":{"line":40,"column":null}},"12":{"start":{"line":35,"column":8},"end":{"line":35,"column":71}},"13":{"start":{"line":35,"column":35},"end":{"line":35,"column":71}},"14":{"start":{"line":36,"column":8},"end":{"line":36,"column":76}},"15":{"start":{"line":36,"column":39},"end":{"line":36,"column":76}},"16":{"start":{"line":38,"column":8},"end":{"line":38,"column":24}},"17":{"start":{"line":39,"column":8},"end":{"line":39,"column":26}},"18":{"start":{"line":42,"column":4},"end":{"line":50,"column":null}},"19":{"start":{"line":43,"column":21},"end":{"line":47,"column":10}},"20":{"start":{"line":48,"column":8},"end":{"line":48,"column":73}},"21":{"start":{"line":48,"column":36},"end":{"line":48,"column":73}},"22":{"start":{"line":49,"column":8},"end":{"line":49,"column":36}},"23":{"start":{"line":52,"column":4},"end":{"line":60,"column":null}},"24":{"start":{"line":53,"column":8},"end":{"line":59,"column":null}},"25":{"start":{"line":62,"column":4},"end":{"line":64,"column":null}},"26":{"start":{"line":63,"column":8},"end":{"line":63,"column":93}},"27":{"start":{"line":66,"column":4},"end":{"line":68,"column":null}},"28":{"start":{"line":67,"column":8},"end":{"line":67,"column":94}},"29":{"start":{"line":70,"column":4},"end":{"line":72,"column":null}},"30":{"start":{"line":71,"column":8},"end":{"line":71,"column":80}},"31":{"start":{"line":73,"column":0},"end":{"line":73,"column":null}},"32":{"start":{"line":14,"column":13},"end":{"line":14,"column":16}}},"fnMap":{"0":{"name":"(anonymous_0)","decl":{"start":{"line":14,"column":0},"end":{"line":14,"column":13}},"loc":{"start":{"line":14,"column":0},"end":{"line":73,"column":null}}},"1":{"name":"Sun","decl":{"start":{"line":21,"column":4},"end":{"line":21,"column":16}},"loc":{"start":{"line":21,"column":27},"end":{"line":25,"column":5}}},"2":{"name":"(anonymous_2)","decl":{"start":{"line":27,"column":4},"end":{"line":27,"column":11}},"loc":{"start":{"line":27,"column":22},"end":{"line":32,"column":5}}},"3":{"name":"(anonymous_3)","decl":{"start":{"line":34,"column":4},"end":{"line":34,"column":14}},"loc":{"start":{"line":34,"column":40},"end":{"line":40,"column":5}}},"4":{"name":"(anonymous_4)","decl":{"start":{"line":42,"column":4},"end":{"line":42,"column":15}},"loc":{"start":{"line":42,"column":33},"end":{"line":50,"column":5}}},"5":{"name":"(anonymous_5)","decl":{"start":{"line":52,"column":4},"end":{"line":52,"column":7}},"loc":{"start":{"line":52,"column":4},"end":{"line":60,"column":5}}},"6":{"name":"(anonymous_6)","decl":{"start":{"line":62,"column":4},"end":{"line":62,"column":17}},"loc":{"start":{"line":62,"column":4},"end":{"line":64,"column":5}}},"7":{"name":"(anonymous_7)","decl":{"start":{"line":66,"column":4},"end":{"line":66,"column":18}},"loc":{"start":{"line":66,"column":4},"end":{"line":68,"column":5}}},"8":{"name":"(anonymous_8)","decl":{"start":{"line":70,"column":4},"end":{"line":70,"column":23}},"loc":{"start":{"line":70,"column":4},"end":{"line":72,"column":5}}}},"branchMap":{"0":{"loc":{"start":{"line":28,"column":8},"end":{"line":28,"column":71}},"type":"if","locations":[{"start":{"line":28,"column":8},"end":{"line":28,"column":71}}]},"1":{"loc":{"start":{"line":35,"column":8},"end":{"line":35,"column":71}},"type":"if","locations":[{"start":{"line":35,"column":8},"end":{"line":35,"column":71}}]},"2":{"loc":{"start":{"line":35,"column":12},"end":{"line":35,"column":33}},"type":"binary-expr","locations":[{"start":{"line":35,"column":12},"end":{"line":35,"column":21}},{"start":{"line":35,"column":25},"end":{"line":35,"column":33}}]},"3":{"loc":{"start":{"line":36,"column":8},"end":{"line":36,"column":76}},"type":"if","locations":[{"start":{"line":36,"column":8},"end":{"line":36,"column":76}}]},"4":{"loc":{"start":{"line":36,"column":12},"end":{"line":36,"column":37}},"type":"binary-expr","locations":[{"start":{"line":36,"column":12},"end":{"line":36,"column":23}},{"start":{"line":36,"column":27},"end":{"line":36,"column":37}}]},"5":{"loc":{"start":{"line":48,"column":8},"end":{"line":48,"column":73}},"type":"if","locations":[{"start":{"line":48,"column":8},"end":{"line":48,"column":73}}]}},"s":{"0":1,"1":1,"2":1,"3":7,"4":7,"5":7,"6":1,"7":9,"8":1,"9":8,"10":8,"11":1,"12":12,"13":2,"14":10,"15":2,"16":8,"17":8,"18":1,"19":11,"20":11,"21":3,"22":8,"23":1,"24":4,"25":1,"26":1,"27":1,"28":1,"29":1,"30":1,"31":1,"32":1},"f":{"0":1,"1":7,"2":9,"3":12,"4":11,"5":4,"6":1,"7":1,"8":1},"b":{"0":[1],"1":[2],"2":[12,11],"3":[2],"4":[10,9],"5":[3]}}
,"F:\\sunset_calc\\src\\modules\\utils.ts": {"path":"F:\\sunset_calc\\src\\modules\\utils.ts","statementMap":{"0":{"start":{"line":8,"column":4},"end":{"line":8,"column":35}},"1":{"start":{"line":7,"column":0},"end":{"line":7,"column":16}},"2":{"start":{"line":17,"column":4},"end":{"line":17,"column":37}},"3":{"start":{"line":16,"column":0},"end":{"line":16,"column":16}},"4":{"start":{"line":31,"column":4},"end":{"line":31,"column":53}},"5":{"start":{"line":26,"column":0},"end":{"line":26,"column":16}},"6":{"start":{"line":41,"column":23},"end":{"line":41,"column":57}},"7":{"start":{"line":43,"column":16},"end":{"line":43,"column":47}},"8":{"start":{"line":44,"column":15},"end":{"line":44,"column":53}},"9":{"start":{"line":45,"column":18},"end":{"line":45,"column":45}},"10":{"start":{"line":47,"column":4},"end":{"line":47,"column":130}},"11":{"start":{"line":40,"column":0},"end":{"line":40,"column":16}}},"fnMap":{"0":{"name":"deg2rad","decl":{"start":{"line":7,"column":16},"end":{"line":7,"column":23}},"loc":{"start":{"line":7,"column":39},"end":{"line":9,"column":1}}},"1":{"name":"rad2deg","decl":{"start":{"line":16,"column":16},"end":{"line":16,"column":23}},"loc":{"start":{"line":16,"column":39},"end":{"line":18,"column":1}}},"2":{"name":"excelMod","decl":{"start":{"line":26,"column":16},"end":{"line":26,"column":24}},"loc":{"start":{"line":26,"column":53},"end":{"line":32,"column":1}}},"3":{"name":"formatTime","decl":{"start":{"line":40,"column":16},"end":{"line":40,"column":26}},"loc":{"start":{"line":40,"column":42},"end":{"line":48,"column":1}}}},"branchMap":{"0":{"loc":{"start":{"line":47,"column":14},"end":{"line":47,"column":48}},"type":"cond-expr","locations":[{"start":{"line":47,"column":29},"end":{"line":47,"column":40}},{"start":{"line":47,"column":43},"end":{"line":47,"column":48}}]},"1":{"loc":{"start":{"line":47,"column":52},"end":{"line":47,"column":83}},"type":"cond-expr","locations":[{"start":{"line":47,"column":66},"end":{"line":47,"column":76}},{"start":{"line":47,"column":79},"end":{"line":47,"column":83}}]},"2":{"loc":{"start":{"line":47,"column":87},"end":{"line":47,"column":127}},"type":"cond-expr","locations":[{"start":{"line":47,"column":104},"end":{"line":47,"column":117}},{"start":{"line":47,"column":120},"end":{"line":47,"column":127}}]}},"s":{"0":475,"1":3,"2":68,"3":3,"4":21,"5":3,"6":7,"7":7,"8":7,"9":7,"10":7,"11":3},"f":{"0":475,"1":68,"2":21,"3":7},"b":{"0":[3,4],"1":[2,5],"2":[3,4]}}
}
