TN:
SF:src\modules\core.ts
FN:9,convertToJulianDay
FN:22,getJulianCentury
FN:32,getGeomMeanLongSun
FN:44,getGeomMeanAnomSun
FN:55,getEccentEarthOrbit
FN:66,getSunEqOfCtr
FN:85,getSunTrueLong
FN:94,getSunTrueAnom
FN:104,getSunRadVector
FN:119,getSunAppLong
FN:135,getMeanObliqEcliptic
FN:151,getObliqCorr
FN:165,getSunRtAscen
FN:181,getSunDeclin
FN:196,getVarY
FN:210,getEqOfTime
FN:231,getHASunrise
FN:249,getSolarNoon
FN:263,getSunriseTime
FN:279,getSunsetTime
FN:292,getSunlightDuration
FN:306,getTrueSolarTime
FN:321,getHourAngle
FN:338,getSolarZenithAngle
FN:360,getSolarElevationAngle
FN:375,getApproxAtmosphericRefraction
FN:378,(anonymous_26)
FN:413,getSolarElevationCorrectedForAtmRefraction
FN:429,getSolarAzimuthAngle
FNF:29
FNH:29
FNDA:272,convertToJulianDay
FNDA:262,getJulianCentury
FNDA:46,getGeomMeanLongSun
FNDA:51,getGeomMeanAnomSun
FNDA:23,getEccentEarthOrbit
FNDA:27,getSunEqOfCtr
FNDA:24,getSunTrueLong
FNDA:2,getSunTrueAnom
FNDA:1,getSunRadVector
FNDA:23,getSunAppLong
FNDA:46,getMeanObliqEcliptic
FNDA:45,getObliqCorr
FNDA:1,getSunRtAscen
FNDA:21,getSunDeclin
FNDA:22,getVarY
FNDA:21,getEqOfTime
FNDA:7,getHASunrise
FNDA:5,getSolarNoon
FNDA:2,getSunriseTime
FNDA:2,getSunsetTime
FNDA:2,getSunlightDuration
FNDA:15,getTrueSolarTime
FNDA:14,getHourAngle
FNDA:11,getSolarZenithAngle
FNDA:8,getSolarElevationAngle
FNDA:6,getApproxAtmosphericRefraction
FNDA:6,(anonymous_26)
FNDA:1,getSolarElevationCorrectedForAtmRefraction
FNDA:2,getSolarAzimuthAngle
DA:1,2
DA:9,2
DA:10,272
DA:11,271
DA:13,1
DA:22,2
DA:23,262
DA:24,262
DA:32,2
DA:33,46
DA:34,46
DA:36,46
DA:44,2
DA:45,51
DA:47,51
DA:55,2
DA:56,23
DA:58,23
DA:66,2
DA:67,27
DA:68,27
DA:70,27
DA:71,27
DA:72,27
DA:73,27
DA:74,27
DA:77,27
DA:85,2
DA:86,24
DA:94,2
DA:95,2
DA:104,2
DA:105,1
DA:106,1
DA:108,1
DA:109,1
DA:111,1
DA:119,2
DA:120,23
DA:121,23
DA:123,23
DA:125,23
DA:135,2
DA:136,46
DA:138,46
DA:139,46
DA:140,46
DA:141,46
DA:143,46
DA:151,2
DA:152,45
DA:153,45
DA:155,45
DA:157,45
DA:165,2
DA:166,1
DA:167,1
DA:169,1
DA:170,1
DA:171,1
DA:173,1
DA:181,2
DA:182,21
DA:183,21
DA:185,21
DA:186,21
DA:188,21
DA:196,2
DA:197,22
DA:199,22
DA:200,22
DA:202,22
DA:210,2
DA:211,21
DA:212,21
DA:213,21
DA:214,21
DA:216,21
DA:217,21
DA:218,21
DA:219,21
DA:220,21
DA:222,21
DA:231,2
DA:232,7
DA:234,7
DA:235,7
DA:236,7
DA:237,7
DA:239,7
DA:249,2
DA:250,5
DA:252,5
DA:263,2
DA:264,2
DA:265,2
DA:267,2
DA:279,2
DA:280,2
DA:281,2
DA:283,2
DA:292,2
DA:293,2
DA:295,2
DA:306,2
DA:307,15
DA:309,15
DA:310,15
DA:321,2
DA:322,14
DA:324,14
DA:338,2
DA:339,11
DA:340,11
DA:342,11
DA:343,11
DA:344,11
DA:345,11
DA:346,11
DA:348,11
DA:360,2
DA:361,8
DA:363,8
DA:375,2
DA:376,6
DA:378,6
DA:379,6
DA:380,1
DA:381,5
DA:382,1
DA:383,1
DA:384,1
DA:386,1
DA:388,4
DA:389,2
DA:390,2
DA:391,2
DA:392,2
DA:394,2
DA:396,2
DA:398,2
DA:413,2
DA:414,1
DA:415,1
DA:417,1
DA:429,2
DA:430,2
DA:431,2
DA:432,2
DA:434,2
DA:435,2
DA:436,2
DA:437,2
DA:438,2
DA:439,2
DA:441,2
DA:442,1
DA:444,1
LF:158
LH:158
BRDA:10,0,0,271
BRDA:10,0,1,1
BRDA:324,1,0,0
BRDA:324,1,1,14
BRDA:379,2,0,1
BRDA:379,2,1,5
BRDA:381,3,0,1
BRDA:381,3,1,4
BRDA:388,4,0,2
BRDA:388,4,1,2
BRDA:441,5,0,1
BRDA:441,5,1,1
BRF:12
BRH:11
end_of_record
TN:
SF:src\modules\sun.ts
FN:14,(anonymous_0)
FN:21,Sun
FN:27,(anonymous_2)
FN:34,(anonymous_3)
FN:42,(anonymous_4)
FN:52,(anonymous_5)
FN:62,(anonymous_6)
FN:66,(anonymous_7)
FN:70,(anonymous_8)
FNF:9
FNH:9
FNDA:1,(anonymous_0)
FNDA:7,Sun
FNDA:9,(anonymous_2)
FNDA:12,(anonymous_3)
FNDA:11,(anonymous_4)
FNDA:4,(anonymous_5)
FNDA:1,(anonymous_6)
FNDA:1,(anonymous_7)
FNDA:1,(anonymous_8)
DA:1,1
DA:5,1
DA:14,1
DA:22,7
DA:23,7
DA:24,7
DA:27,1
DA:28,9
DA:30,8
DA:31,8
DA:34,1
DA:35,12
DA:36,10
DA:38,8
DA:39,8
DA:42,1
DA:43,11
DA:48,11
DA:49,8
DA:52,1
DA:53,4
DA:62,1
DA:63,1
DA:66,1
DA:67,1
DA:70,1
DA:71,1
DA:73,1
LF:28
LH:28
BRDA:28,0,0,1
BRDA:35,1,0,2
BRDA:35,2,0,12
BRDA:35,2,1,11
BRDA:36,3,0,2
BRDA:36,4,0,10
BRDA:36,4,1,9
BRDA:48,5,0,3
BRF:8
BRH:8
end_of_record
TN:
SF:src\modules\utils.ts
FN:7,deg2rad
FN:16,rad2deg
FN:26,excelMod
FN:40,formatTime
FNF:4
FNH:4
FNDA:475,deg2rad
FNDA:68,rad2deg
FNDA:21,excelMod
FNDA:7,formatTime
DA:7,3
DA:8,475
DA:16,3
DA:17,68
DA:26,3
DA:31,21
DA:40,3
DA:41,7
DA:43,7
DA:44,7
DA:45,7
DA:47,7
LF:12
LH:12
BRDA:47,0,0,3
BRDA:47,0,1,4
BRDA:47,1,0,2
BRDA:47,1,1,5
BRDA:47,2,0,3
BRDA:47,2,1,4
BRF:6
BRH:6
end_of_record
